{"C:\\Users\\Ikarus\\Desktop\\projetos\\api-animes2\\src\\app.js": {"path":"C:\\Users\\Ikarus\\Desktop\\projetos\\api-animes2\\src\\app.js","statementMap":{"0":{"start":{"line":4,"column":12},"end":{"line":4,"column":21}},"1":{"start":{"line":5,"column":0},"end":{"line":5,"column":24}},"2":{"start":{"line":6,"column":0},"end":{"line":6,"column":33}}},"fnMap":{},"branchMap":{},"s":{"0":1,"1":1,"2":1},"f":{},"b":{},"inputSourceMap":null,"_coverageSchema":"1a1c01bbd47fc00a2c39e90264f33305004495a9","hash":"f66c6547e11e1427d226b5cb665de19939ab8047"}
,"C:\\Users\\Ikarus\\Desktop\\projetos\\api-animes2\\src\\routes\\animes.js": {"path":"C:\\Users\\Ikarus\\Desktop\\projetos\\api-animes2\\src\\routes\\animes.js","statementMap":{"0":{"start":{"line":3,"column":15},"end":{"line":3,"column":31}},"1":{"start":{"line":6,"column":13},"end":{"line":6,"column":40}},"2":{"start":{"line":11,"column":2},"end":{"line":11,"column":19}},"3":{"start":{"line":14,"column":0},"end":{"line":24,"column":3}},"4":{"start":{"line":15,"column":13},"end":{"line":15,"column":34}},"5":{"start":{"line":16,"column":16},"end":{"line":16,"column":50}},"6":{"start":{"line":16,"column":38},"end":{"line":16,"column":49}},"7":{"start":{"line":18,"column":2},"end":{"line":20,"column":3}},"8":{"start":{"line":19,"column":4},"end":{"line":19,"column":66}},"9":{"start":{"line":22,"column":2},"end":{"line":22,"column":26}},"10":{"start":{"line":23,"column":2},"end":{"line":23,"column":25}}},"fnMap":{"0":{"name":"setAnimesStorage","decl":{"start":{"line":10,"column":16},"end":{"line":10,"column":32}},"loc":{"start":{"line":10,"column":42},"end":{"line":12,"column":1}},"line":10},"1":{"name":"(anonymous_1)","decl":{"start":{"line":14,"column":22},"end":{"line":14,"column":23}},"loc":{"start":{"line":14,"column":36},"end":{"line":24,"column":1}},"line":14},"2":{"name":"(anonymous_2)","decl":{"start":{"line":16,"column":33},"end":{"line":16,"column":34}},"loc":{"start":{"line":16,"column":38},"end":{"line":16,"column":49}},"line":16}},"branchMap":{"0":{"loc":{"start":{"line":18,"column":2},"end":{"line":20,"column":3}},"type":"if","locations":[{"start":{"line":18,"column":2},"end":{"line":20,"column":3}},{"start":{},"end":{}}],"line":18}},"s":{"0":1,"1":1,"2":0,"3":1,"4":2,"5":2,"6":2,"7":2,"8":1,"9":1,"10":1},"f":{"0":0,"1":2,"2":2},"b":{"0":[1,1]},"inputSourceMap":null,"_coverageSchema":"1a1c01bbd47fc00a2c39e90264f33305004495a9","hash":"80ff60ef3861f945f36b3fc80ce72e470f65140f"}
}
